Started GET "/" for ::1 at 2021-03-26 20:41:34 -0600
  [1m[35m (2.1ms)[0m  [1m[34mSELECT sqlite_version(*)[0m
Processing by Rails::WelcomeController#index as HTML
  Rendering /Users/craig/.rvm/gems/ruby-2.7.2/gems/railties-6.1.3.1/lib/rails/templates/rails/welcome/index.html.erb
  Rendered /Users/craig/.rvm/gems/ruby-2.7.2/gems/railties-6.1.3.1/lib/rails/templates/rails/welcome/index.html.erb (Duration: 6.4ms | Allocations: 441)
Completed 200 OK in 23ms (Views: 11.9ms | ActiveRecord: 0.0ms | Allocations: 4169)


Started GET "/" for ::1 at 2021-03-26 21:00:05 -0600
  [1m[35m (0.4ms)[0m  [1m[34mSELECT sqlite_version(*)[0m
Processing by Rails::WelcomeController#index as HTML
  Rendering /Users/craig/.rvm/gems/ruby-2.7.2/gems/railties-6.1.3.1/lib/rails/templates/rails/welcome/index.html.erb
  Rendered /Users/craig/.rvm/gems/ruby-2.7.2/gems/railties-6.1.3.1/lib/rails/templates/rails/welcome/index.html.erb (Duration: 5.3ms | Allocations: 333)
Completed 200 OK in 15ms (Views: 7.0ms | ActiveRecord: 0.0ms | Allocations: 2458)


Started GET "/index" for ::1 at 2021-03-26 21:00:17 -0600
  
ActionController::RoutingError (No route matches [GET] "/index"):
  
Started GET "/home/index" for ::1 at 2021-03-26 21:00:30 -0600
Processing by HomeController#index as HTML
  Rendering layout layouts/application.html.erb
  Rendering home/index.html.erb within layouts/application
  Rendered home/index.html.erb within layouts/application (Duration: 0.3ms | Allocations: 107)
[Webpacker] Compiling...
[Webpacker] Compiled all packs in /Users/craig/Desktop/ruby_projects/CryptoNews/cryptonews/public/packs
[Webpacker] Hash: e332c6419728fac579d5
Version: webpack 4.46.0
Time: 1484ms
Built at: 03/26/2021 9:00:33 PM
                                     Asset       Size       Chunks                         Chunk Names
    js/application-f826770d917d8a37c1d8.js    125 KiB  application  [emitted] [immutable]  application
js/application-f826770d917d8a37c1d8.js.map    139 KiB  application  [emitted] [dev]        application
                             manifest.json  364 bytes               [emitted]              
Entrypoint application = js/application-f826770d917d8a37c1d8.js js/application-f826770d917d8a37c1d8.js.map
[./app/javascript/channels sync recursive _channel\.js$] ./app/javascript/channels sync _channel\.js$ 160 bytes {application} [built]
[./app/javascript/channels/index.js] 211 bytes {application} [built]
[./app/javascript/packs/application.js] 492 bytes {application} [built]
[./node_modules/webpack/buildin/module.js] (webpack)/buildin/module.js 552 bytes {application} [built]
    + 3 hidden modules

  Rendered layout layouts/application.html.erb (Duration: 3252.9ms | Allocations: 17848)
Completed 200 OK in 3255ms (Views: 3254.5ms | ActiveRecord: 0.0ms | Allocations: 19016)


Started GET "/home/" for ::1 at 2021-03-26 21:00:46 -0600
  
ActionController::RoutingError (No route matches [GET] "/home"):
  
Started GET "/home/index" for ::1 at 2021-03-26 21:00:51 -0600
Processing by HomeController#index as HTML
  Rendering layout layouts/application.html.erb
  Rendering home/index.html.erb within layouts/application
  Rendered home/index.html.erb within layouts/application (Duration: 0.1ms | Allocations: 38)
[Webpacker] Everything's up-to-date. Nothing to do
  Rendered layout layouts/application.html.erb (Duration: 6.0ms | Allocations: 3563)
Completed 200 OK in 7ms (Views: 6.4ms | ActiveRecord: 0.0ms | Allocations: 3943)


Started GET "/home/index" for ::1 at 2021-03-26 21:01:29 -0600
Processing by HomeController#index as HTML
  Rendering layout layouts/application.html.erb
  Rendering home/index.html.erb within layouts/application
  Rendered home/index.html.erb within layouts/application (Duration: 0.3ms | Allocations: 106)
[Webpacker] Everything's up-to-date. Nothing to do
  Rendered layout layouts/application.html.erb (Duration: 5.1ms | Allocations: 3804)
Completed 200 OK in 7ms (Views: 6.5ms | ActiveRecord: 0.0ms | Allocations: 4891)


Started GET "/home/price" for ::1 at 2021-03-26 21:06:34 -0600
  
ActionController::RoutingError (No route matches [GET] "/home/price"):
  
Started GET "/home/prices" for ::1 at 2021-03-26 21:06:39 -0600
Processing by HomeController#prices as HTML
  Rendering layout layouts/application.html.erb
  Rendering home/prices.html.erb within layouts/application
  Rendered home/prices.html.erb within layouts/application (Duration: 0.3ms | Allocations: 103)
[Webpacker] Everything's up-to-date. Nothing to do
  Rendered layout layouts/application.html.erb (Duration: 5.7ms | Allocations: 3815)
Completed 200 OK in 8ms (Views: 7.3ms | Allocations: 4907)


Started GET "/home/prices" for ::1 at 2021-03-26 21:21:38 -0600
Processing by HomeController#prices as HTML
  Rendering layout layouts/application.html.erb
  Rendering home/prices.html.erb within layouts/application
  Rendered home/prices.html.erb within layouts/application (Duration: 0.1ms | Allocations: 38)
[Webpacker] Everything's up-to-date. Nothing to do
  Rendered layout layouts/application.html.erb (Duration: 5.8ms | Allocations: 3550)
Completed 200 OK in 7ms (Views: 6.4ms | Allocations: 4044)


Started GET "/" for ::1 at 2021-03-26 21:21:42 -0600
Processing by HomeController#index as HTML
  Rendering layout layouts/application.html.erb
  Rendering home/index.html.erb within layouts/application
  Rendered home/index.html.erb within layouts/application (Duration: 0.3ms | Allocations: 107)
[Webpacker] Everything's up-to-date. Nothing to do
  Rendered layout layouts/application.html.erb (Duration: 5.7ms | Allocations: 3634)
Completed 200 OK in 7ms (Views: 6.1ms | Allocations: 4137)


Started GET "/" for ::1 at 2021-03-26 21:25:39 -0600
Processing by HomeController#index as HTML
  Rendering layout layouts/application.html.erb
  Rendering home/index.html.erb within layouts/application
  Rendered home/index.html.erb within layouts/application (Duration: 0.3ms | Allocations: 106)
[Webpacker] Everything's up-to-date. Nothing to do
  Rendered layout layouts/application.html.erb (Duration: 6.4ms | Allocations: 3812)
Completed 200 OK in 9ms (Views: 8.0ms | Allocations: 4898)


Started GET "/" for ::1 at 2021-03-26 21:45:37 -0600
  [1m[35m (0.9ms)[0m  [1m[34mSELECT sqlite_version(*)[0m
Processing by HomeController#index as HTML
  Rendering layout layouts/application.html.erb
  Rendering home/index.html.erb within layouts/application
  Rendered home/index.html.erb within layouts/application (Duration: 1.2ms | Allocations: 220)
[Webpacker] Compiling...
[Webpacker] Compiled all packs in /Users/craig/Desktop/ruby_projects/CryptoNews/cryptonews/public/packs
[Webpacker] Hash: 47d8207aa4182148a9aa
Version: webpack 4.46.0
Time: 620ms
Built at: 03/26/2021 9:45:41 PM
                                     Asset       Size       Chunks                         Chunk Names
    js/application-aad832d267f02ea34807.js    125 KiB  application  [emitted] [immutable]  application
js/application-aad832d267f02ea34807.js.map    139 KiB  application  [emitted] [dev]        application
                             manifest.json  364 bytes               [emitted]              
Entrypoint application = js/application-aad832d267f02ea34807.js js/application-aad832d267f02ea34807.js.map
[./app/javascript/channels sync recursive _channel\.js$] ./app/javascript/channels sync _channel\.js$ 160 bytes {application} [built]
[./app/javascript/channels/index.js] 211 bytes {application} [built]
[./app/javascript/packs/application.js] 563 bytes {application} [built]
[./node_modules/webpack/buildin/module.js] (webpack)/buildin/module.js 552 bytes {application} [built]
    + 3 hidden modules

  Rendered layout layouts/application.html.erb (Duration: 3896.5ms | Allocations: 85914)
Completed 200 OK in 3915ms (Views: 3903.0ms | ActiveRecord: 0.0ms | Allocations: 88520)


Started GET "/" for ::1 at 2021-03-26 21:50:11 -0600
Processing by HomeController#index as HTML
  Rendering layout layouts/application.html.erb
  Rendering home/index.html.erb within layouts/application
  Rendered home/index.html.erb within layouts/application (Duration: 0.3ms | Allocations: 110)
[Webpacker] Everything's up-to-date. Nothing to do
  Rendered layout layouts/application.html.erb (Duration: 15.4ms | Allocations: 7077)
Completed 200 OK in 19ms (Views: 16.9ms | ActiveRecord: 0.0ms | Allocations: 8164)


Started GET "/" for ::1 at 2021-03-26 21:50:25 -0600
Processing by HomeController#index as HTML
  Rendering layout layouts/application.html.erb
  Rendering home/index.html.erb within layouts/application
  Rendered home/index.html.erb within layouts/application (Duration: 0.1ms | Allocations: 38)
[Webpacker] Everything's up-to-date. Nothing to do
  Rendered layout layouts/application.html.erb (Duration: 17.2ms | Allocations: 6826)
Completed 200 OK in 19ms (Views: 17.6ms | ActiveRecord: 0.0ms | Allocations: 7206)


Started GET "/" for ::1 at 2021-03-26 21:50:30 -0600
Processing by HomeController#index as HTML
  Rendering layout layouts/application.html.erb
  Rendering home/index.html.erb within layouts/application
  Rendered home/index.html.erb within layouts/application (Duration: 0.1ms | Allocations: 38)
[Webpacker] Everything's up-to-date. Nothing to do
  Rendered layout layouts/application.html.erb (Duration: 14.4ms | Allocations: 6824)
Completed 200 OK in 16ms (Views: 14.8ms | ActiveRecord: 0.0ms | Allocations: 7198)


Started GET "/home/prices" for ::1 at 2021-03-26 21:50:32 -0600
Processing by HomeController#prices as HTML
  Rendering layout layouts/application.html.erb
  Rendering home/prices.html.erb within layouts/application
  Rendered home/prices.html.erb within layouts/application (Duration: 0.3ms | Allocations: 104)
[Webpacker] Everything's up-to-date. Nothing to do
  Rendered layout layouts/application.html.erb (Duration: 13.4ms | Allocations: 6892)
Completed 200 OK in 15ms (Views: 13.9ms | ActiveRecord: 0.0ms | Allocations: 7394)


Started GET "/" for ::1 at 2021-03-26 21:50:34 -0600
Processing by HomeController#index as HTML
  Rendering layout layouts/application.html.erb
  Rendering home/index.html.erb within layouts/application
  Rendered home/index.html.erb within layouts/application (Duration: 0.1ms | Allocations: 38)
[Webpacker] Everything's up-to-date. Nothing to do
  Rendered layout layouts/application.html.erb (Duration: 10.1ms | Allocations: 6827)
Completed 200 OK in 11ms (Views: 10.5ms | ActiveRecord: 0.0ms | Allocations: 7208)


Started GET "/" for ::1 at 2021-03-26 21:51:11 -0600
Processing by HomeController#index as HTML
  Rendering layout layouts/application.html.erb
  Rendering home/index.html.erb within layouts/application
  Rendered home/index.html.erb within layouts/application (Duration: 0.1ms | Allocations: 38)
[Webpacker] Everything's up-to-date. Nothing to do
  Rendered layout layouts/application.html.erb (Duration: 12.9ms | Allocations: 6826)
Completed 200 OK in 14ms (Views: 13.4ms | ActiveRecord: 0.0ms | Allocations: 7206)


Started GET "/" for ::1 at 2021-03-26 21:51:12 -0600
Processing by HomeController#index as HTML
  Rendering layout layouts/application.html.erb
  Rendering home/index.html.erb within layouts/application
  Rendered home/index.html.erb within layouts/application (Duration: 0.3ms | Allocations: 108)
[Webpacker] Everything's up-to-date. Nothing to do
  Rendered layout layouts/application.html.erb (Duration: 10.8ms | Allocations: 7075)
Completed 200 OK in 13ms (Views: 12.4ms | ActiveRecord: 0.0ms | Allocations: 8161)


Started GET "/" for ::1 at 2021-03-26 21:51:13 -0600
Processing by HomeController#index as HTML
  Rendering layout layouts/application.html.erb
  Rendering home/index.html.erb within layouts/application
  Rendered home/index.html.erb within layouts/application (Duration: 0.1ms | Allocations: 38)
[Webpacker] Everything's up-to-date. Nothing to do
  Rendered layout layouts/application.html.erb (Duration: 10.3ms | Allocations: 6824)
Completed 200 OK in 11ms (Views: 10.7ms | ActiveRecord: 0.0ms | Allocations: 7199)


Started GET "/" for ::1 at 2021-03-26 22:04:43 -0600
Processing by HomeController#index as HTML
  Rendering layout layouts/application.html.erb
  Rendering home/index.html.erb within layouts/application
  Rendered home/index.html.erb within layouts/application (Duration: 0.3ms | Allocations: 105)
[Webpacker] Everything's up-to-date. Nothing to do
  Rendered layout layouts/application.html.erb (Duration: 10.9ms | Allocations: 7086)
Completed 200 OK in 14ms (Views: 12.7ms | Allocations: 8173)


Started GET "/" for ::1 at 2021-03-27 14:42:38 -0600
  [1m[35m (0.8ms)[0m  [1m[34mSELECT sqlite_version(*)[0m
Processing by HomeController#index as HTML
  Rendering layout layouts/application.html.erb
  Rendering home/index.html.erb within layouts/application
  Rendered home/index.html.erb within layouts/application (Duration: 1.2ms | Allocations: 220)
[Webpacker] Everything's up-to-date. Nothing to do
  Rendered layout layouts/application.html.erb (Duration: 91.6ms | Allocations: 15841)
Completed 500 Internal Server Error in 104ms (ActiveRecord: 0.0ms | Allocations: 18338)


  
ActionView::Template::Error (Missing partial home/_navbar with {:locale=>[:en], :formats=>[:html], :variants=>[], :handlers=>[:raw, :erb, :html, :builder, :ruby, :jbuilder]}. Searched in:
  * "/Users/craig/Desktop/ruby_projects/CryptoNews/cryptonews/app/views"
  * "/Users/craig/.rvm/gems/ruby-2.7.2/gems/actiontext-6.1.3.1/app/views"
  * "/Users/craig/.rvm/gems/ruby-2.7.2/gems/actionmailbox-6.1.3.1/app/views"
):
    10:     <%= javascript_pack_tag 'application', 'data-turbolinks-track': 'reload' %>
    11:   </head>
    12:   <body>
    13: <%= render 'home/navbar' %>
    14: 
    15:   <br/>
    16:   <div class="container"
  
app/views/layouts/application.html.erb:13
Started GET "/" for ::1 at 2021-03-27 14:59:08 -0600
Processing by HomeController#index as HTML
  Rendering layout layouts/application.html.erb
  Rendering home/index.html.erb within layouts/application
  Rendered home/index.html.erb within layouts/application (Duration: 2.4ms | Allocations: 1884)
[Webpacker] Everything's up-to-date. Nothing to do
  Rendered layout layouts/application.html.erb (Duration: 14.8ms | Allocations: 10106)
Completed 500 Internal Server Error in 827ms (Allocations: 13805)


  
ActionView::Template::Error (Missing partial home/_navbar with {:locale=>[:en], :formats=>[:html], :variants=>[], :handlers=>[:raw, :erb, :html, :builder, :ruby, :jbuilder]}. Searched in:
  * "/Users/craig/Desktop/ruby_projects/CryptoNews/cryptonews/app/views"
  * "/Users/craig/.rvm/gems/ruby-2.7.2/gems/actiontext-6.1.3.1/app/views"
  * "/Users/craig/.rvm/gems/ruby-2.7.2/gems/actionmailbox-6.1.3.1/app/views"
):
     7:     <%= csrf_meta_tags %>
     8:   </head>
     9:   <body>
    10: <%= render 'home/navbar' %>
    11: 
    12:   <br/>
    13:   <div class="container"
  
app/views/layouts/application.html.erb:10
Started GET "/" for ::1 at 2021-03-27 15:00:22 -0600
Processing by HomeController#index as HTML
  Rendering layout layouts/application.html.erb
  Rendering home/index.html.erb within layouts/application
  Rendered home/index.html.erb within layouts/application (Duration: 2.4ms | Allocations: 1883)
[Webpacker] Everything's up-to-date. Nothing to do
  Rendered layout layouts/application.html.erb (Duration: 15.1ms | Allocations: 9993)
Completed 500 Internal Server Error in 865ms (Allocations: 13557)


  
ActionView::Template::Error (Missing partial home/_navbar with {:locale=>[:en], :formats=>[:html], :variants=>[], :handlers=>[:raw, :erb, :html, :builder, :ruby, :jbuilder]}. Searched in:
  * "/Users/craig/Desktop/ruby_projects/CryptoNews/cryptonews/app/views"
  * "/Users/craig/.rvm/gems/ruby-2.7.2/gems/actiontext-6.1.3.1/app/views"
  * "/Users/craig/.rvm/gems/ruby-2.7.2/gems/actionmailbox-6.1.3.1/app/views"
):
     7:     <%= csrf_meta_tags %>
     8:   </head>
     9:   <body>
    10: <%= render'home/navbar' %>
    11: 
    12:   <br/>
    13:   <div class="container"
  
app/views/layouts/application.html.erb:10
Started GET "/" for ::1 at 2021-03-27 15:04:21 -0600
Processing by HomeController#index as HTML
  Rendering layout layouts/application.html.erb
  Rendering home/index.html.erb within layouts/application
  Rendered home/index.html.erb within layouts/application (Duration: 2.2ms | Allocations: 1883)
[Webpacker] Everything's up-to-date. Nothing to do
  Rendered layout layouts/application.html.erb (Duration: 13.4ms | Allocations: 8845)
Completed 200 OK in 1330ms (Views: 15.5ms | Allocations: 12450)


Started GET "/" for ::1 at 2021-03-27 15:08:12 -0600
Processing by HomeController#index as HTML
  Rendering layout layouts/application.html.erb
  Rendering home/index.html.erb within layouts/application
  Rendered home/index.html.erb within layouts/application (Duration: 2.1ms | Allocations: 1882)
[Webpacker] Everything's up-to-date. Nothing to do
  Rendered layout layouts/application.html.erb (Duration: 13.6ms | Allocations: 9972)
Completed 500 Internal Server Error in 835ms (Allocations: 13565)


  
ActionView::Template::Error (Missing partial home/_navbar with {:locale=>[:en], :formats=>[:html], :variants=>[], :handlers=>[:raw, :erb, :html, :builder, :ruby, :jbuilder]}. Searched in:
  * "/Users/craig/Desktop/ruby_projects/CryptoNews/cryptonews/app/views"
  * "/Users/craig/.rvm/gems/ruby-2.7.2/gems/actiontext-6.1.3.1/app/views"
  * "/Users/craig/.rvm/gems/ruby-2.7.2/gems/actionmailbox-6.1.3.1/app/views"
):
     7:     <%= csrf_meta_tags %>
     8:   </head>
     9:   <body>
    10: <%= render 'home/navbar' %>
    11: 
    12:   <br/>
    13:   <div class="container"
  
app/views/layouts/application.html.erb:10
Started GET "/" for ::1 at 2021-03-27 15:09:26 -0600
Processing by HomeController#index as HTML
  Rendering layout layouts/application.html.erb
  Rendering home/index.html.erb within layouts/application
  Rendered home/index.html.erb within layouts/application (Duration: 2.1ms | Allocations: 1882)
[Webpacker] Everything's up-to-date. Nothing to do
  Rendered home/_navbar.html.erb (Duration: 0.3ms | Allocations: 141)
  Rendered layout layouts/application.html.erb (Duration: 11.8ms | Allocations: 9174)
Completed 200 OK in 752ms (Views: 13.6ms | Allocations: 12816)


Started GET "/" for ::1 at 2021-03-27 15:10:43 -0600
Processing by HomeController#index as HTML
  Rendering layout layouts/application.html.erb
  Rendering home/index.html.erb within layouts/application
  Rendered home/index.html.erb within layouts/application (Duration: 2.3ms | Allocations: 1882)
[Webpacker] Everything's up-to-date. Nothing to do
  Rendered home/_navbar.html.erb (Duration: 0.4ms | Allocations: 140)
  Rendered layout layouts/application.html.erb (Duration: 14.5ms | Allocations: 9163)
Completed 200 OK in 686ms (Views: 16.7ms | Allocations: 12781)


Started GET "/" for ::1 at 2021-03-27 15:11:13 -0600
Processing by HomeController#index as HTML
  Rendering layout layouts/application.html.erb
  Rendering home/index.html.erb within layouts/application
  Rendered home/index.html.erb within layouts/application (Duration: 2.0ms | Allocations: 1882)
[Webpacker] Everything's up-to-date. Nothing to do
  Rendered home/_navbar.html.erb (Duration: 0.3ms | Allocations: 140)
  Rendered layout layouts/application.html.erb (Duration: 12.2ms | Allocations: 9163)
Completed 200 OK in 874ms (Views: 14.0ms | Allocations: 12787)


Started GET "/" for ::1 at 2021-03-27 15:12:16 -0600
Processing by HomeController#index as HTML
  Rendering layout layouts/application.html.erb
  Rendering home/index.html.erb within layouts/application
  Rendered home/index.html.erb within layouts/application (Duration: 2.2ms | Allocations: 1885)
[Webpacker] Everything's up-to-date. Nothing to do
  Rendered home/_navbar.html.erb (Duration: 0.3ms | Allocations: 127)
  Rendered layout layouts/application.html.erb (Duration: 13.1ms | Allocations: 9160)
Completed 200 OK in 847ms (Views: 14.9ms | Allocations: 12801)


Started GET "/" for ::1 at 2021-03-27 15:13:12 -0600
Processing by HomeController#index as HTML
  Rendering layout layouts/application.html.erb
  Rendering home/index.html.erb within layouts/application
  Rendered home/index.html.erb within layouts/application (Duration: 2.4ms | Allocations: 1882)
[Webpacker] Everything's up-to-date. Nothing to do
  Rendered home/_navbar.html.erb (Duration: 0.3ms | Allocations: 123)
  Rendered layout layouts/application.html.erb (Duration: 12.7ms | Allocations: 9146)
Completed 200 OK in 1129ms (Views: 14.6ms | Allocations: 12764)


Started GET "/" for ::1 at 2021-03-27 15:19:46 -0600
  [1m[35m (0.3ms)[0m  [1m[34mSELECT sqlite_version(*)[0m
Processing by HomeController#index as HTML
  Rendering layout layouts/application.html.erb
  Rendering home/index.html.erb within layouts/application
  Rendered home/index.html.erb within layouts/application (Duration: 2.5ms | Allocations: 1996)
[Webpacker] Everything's up-to-date. Nothing to do
  Rendered home/_navbar.html.erb (Duration: 0.4ms | Allocations: 128)
  Rendered layout layouts/application.html.erb (Duration: 66.6ms | Allocations: 16476)
Completed 200 OK in 906ms (Views: 69.6ms | ActiveRecord: 0.0ms | Allocations: 21731)


Started GET "/home/prices" for ::1 at 2021-03-27 15:19:48 -0600
Processing by HomeController#prices as HTML
  Rendering layout layouts/application.html.erb
  Rendering home/prices.html.erb within layouts/application
  Rendered home/prices.html.erb within layouts/application (Duration: 0.4ms | Allocations: 104)
[Webpacker] Everything's up-to-date. Nothing to do
  Rendered home/_navbar.html.erb (Duration: 0.1ms | Allocations: 40)
  Rendered layout layouts/application.html.erb (Duration: 11.8ms | Allocations: 6990)
Completed 200 OK in 13ms (Views: 12.4ms | ActiveRecord: 0.0ms | Allocations: 7592)


Started GET "/home/prices" for ::1 at 2021-03-27 15:19:50 -0600
Processing by HomeController#prices as HTML
  Rendering layout layouts/application.html.erb
  Rendering home/prices.html.erb within layouts/application
  Rendered home/prices.html.erb within layouts/application (Duration: 0.1ms | Allocations: 38)
[Webpacker] Everything's up-to-date. Nothing to do
  Rendered home/_navbar.html.erb (Duration: 0.1ms | Allocations: 40)
  Rendered layout layouts/application.html.erb (Duration: 10.7ms | Allocations: 6923)
Completed 200 OK in 12ms (Views: 11.1ms | ActiveRecord: 0.0ms | Allocations: 7302)


Started GET "/home/prices" for ::1 at 2021-03-27 15:26:18 -0600
Processing by HomeController#prices as HTML
  Rendering layout layouts/application.html.erb
  Rendering home/prices.html.erb within layouts/application
  Rendered home/prices.html.erb within layouts/application (Duration: 0.4ms | Allocations: 103)
[Webpacker] Everything's up-to-date. Nothing to do
  Rendered home/_navbar.html.erb (Duration: 0.5ms | Allocations: 196)
  Rendered layout layouts/application.html.erb (Duration: 12.9ms | Allocations: 7441)
Completed 200 OK in 16ms (Views: 14.7ms | Allocations: 8534)


Started GET "/home/prices" for ::1 at 2021-03-27 15:26:20 -0600
Processing by HomeController#prices as HTML
  Rendering layout layouts/application.html.erb
  Rendering home/prices.html.erb within layouts/application
  Rendered home/prices.html.erb within layouts/application (Duration: 0.1ms | Allocations: 38)
[Webpacker] Everything's up-to-date. Nothing to do
  Rendered home/_navbar.html.erb (Duration: 0.1ms | Allocations: 71)
  Rendered layout layouts/application.html.erb (Duration: 10.3ms | Allocations: 6951)
Completed 200 OK in 11ms (Views: 10.7ms | Allocations: 7334)


Started GET "/home/prices" for ::1 at 2021-03-27 15:26:22 -0600
Processing by HomeController#prices as HTML
  Rendering layout layouts/application.html.erb
  Rendering home/prices.html.erb within layouts/application
  Rendered home/prices.html.erb within layouts/application (Duration: 0.1ms | Allocations: 38)
[Webpacker] Everything's up-to-date. Nothing to do
  Rendered home/_navbar.html.erb (Duration: 0.2ms | Allocations: 71)
  Rendered layout layouts/application.html.erb (Duration: 12.1ms | Allocations: 7040)
Completed 200 OK in 13ms (Views: 12.5ms | Allocations: 7425)


Started GET "/home/prices" for ::1 at 2021-03-27 15:26:23 -0600
Processing by HomeController#prices as HTML
  Rendering layout layouts/application.html.erb
  Rendering home/prices.html.erb within layouts/application
  Rendered home/prices.html.erb within layouts/application (Duration: 0.1ms | Allocations: 38)
[Webpacker] Everything's up-to-date. Nothing to do
  Rendered home/_navbar.html.erb (Duration: 0.2ms | Allocations: 71)
  Rendered layout layouts/application.html.erb (Duration: 10.6ms | Allocations: 7041)
Completed 200 OK in 11ms (Views: 11.0ms | Allocations: 7420)


Started GET "/home/prices" for ::1 at 2021-03-27 15:26:23 -0600
Processing by HomeController#prices as HTML
  Rendering layout layouts/application.html.erb
  Rendering home/prices.html.erb within layouts/application
  Rendered home/prices.html.erb within layouts/application (Duration: 0.1ms | Allocations: 38)
[Webpacker] Everything's up-to-date. Nothing to do
  Rendered home/_navbar.html.erb (Duration: 0.2ms | Allocations: 71)
  Rendered layout layouts/application.html.erb (Duration: 12.0ms | Allocations: 7622)
Completed 200 OK in 13ms (Views: 12.4ms | Allocations: 7999)


Started GET "/home/prices" for ::1 at 2021-03-27 15:26:25 -0600
Processing by HomeController#prices as HTML
  Rendering layout layouts/application.html.erb
  Rendering home/prices.html.erb within layouts/application
  Rendered home/prices.html.erb within layouts/application (Duration: 0.1ms | Allocations: 38)
[Webpacker] Everything's up-to-date. Nothing to do
  Rendered home/_navbar.html.erb (Duration: 0.1ms | Allocations: 71)
  Rendered layout layouts/application.html.erb (Duration: 8.6ms | Allocations: 6983)
Completed 200 OK in 9ms (Views: 9.0ms | Allocations: 7361)


Started GET "/home/prices" for ::1 at 2021-03-27 15:26:25 -0600
Processing by HomeController#prices as HTML
  Rendering layout layouts/application.html.erb
  Rendering home/prices.html.erb within layouts/application
  Rendered home/prices.html.erb within layouts/application (Duration: 0.1ms | Allocations: 38)
[Webpacker] Everything's up-to-date. Nothing to do
  Rendered home/_navbar.html.erb (Duration: 0.1ms | Allocations: 71)
  Rendered layout layouts/application.html.erb (Duration: 29.4ms | Allocations: 7037)
Completed 200 OK in 30ms (Views: 29.7ms | Allocations: 7417)


Started GET "/home/prices" for ::1 at 2021-03-27 15:26:26 -0600
Processing by HomeController#prices as HTML
  Rendering layout layouts/application.html.erb
  Rendering home/prices.html.erb within layouts/application
  Rendered home/prices.html.erb within layouts/application (Duration: 0.1ms | Allocations: 38)
[Webpacker] Everything's up-to-date. Nothing to do
  Rendered home/_navbar.html.erb (Duration: 0.2ms | Allocations: 71)
  Rendered layout layouts/application.html.erb (Duration: 11.5ms | Allocations: 7058)
Completed 200 OK in 12ms (Views: 12.0ms | Allocations: 7455)


Started GET "/home/prices" for ::1 at 2021-03-27 15:26:27 -0600
Processing by HomeController#prices as HTML
  Rendering layout layouts/application.html.erb
  Rendering home/prices.html.erb within layouts/application
  Rendered home/prices.html.erb within layouts/application (Duration: 0.1ms | Allocations: 38)
[Webpacker] Everything's up-to-date. Nothing to do
  Rendered home/_navbar.html.erb (Duration: 0.2ms | Allocations: 71)
  Rendered layout layouts/application.html.erb (Duration: 10.8ms | Allocations: 6947)
Completed 200 OK in 12ms (Views: 11.2ms | Allocations: 7324)


Started GET "/home/prices" for ::1 at 2021-03-27 15:28:35 -0600
Processing by HomeController#prices as HTML
  Rendering layout layouts/application.html.erb
  Rendering home/prices.html.erb within layouts/application
  Rendered home/prices.html.erb within layouts/application (Duration: 0.3ms | Allocations: 107)
[Webpacker] Everything's up-to-date. Nothing to do
  Rendered home/_navbar.html.erb (Duration: 0.5ms | Allocations: 224)
  Rendered layout layouts/application.html.erb (Duration: 11.5ms | Allocations: 7566)
Completed 200 OK in 14ms (Views: 13.1ms | Allocations: 8654)


Started GET "/home/prices" for ::1 at 2021-03-27 15:28:36 -0600
Processing by HomeController#prices as HTML
  Rendering layout layouts/application.html.erb
  Rendering home/prices.html.erb within layouts/application
  Rendered home/prices.html.erb within layouts/application (Duration: 0.1ms | Allocations: 38)
[Webpacker] Everything's up-to-date. Nothing to do
  Rendered home/_navbar.html.erb (Duration: 0.2ms | Allocations: 91)
  Rendered layout layouts/application.html.erb (Duration: 11.4ms | Allocations: 7111)
Completed 200 OK in 12ms (Views: 11.8ms | Allocations: 7499)


Started GET "/" for ::1 at 2021-03-27 15:28:37 -0600
Processing by HomeController#index as HTML
Started GET "/" for ::1 at 2021-03-27 15:28:38 -0600
Processing by HomeController#index as HTML
  Rendering layout layouts/application.html.erb
  Rendering home/index.html.erb within layouts/application
  Rendered home/index.html.erb within layouts/application (Duration: 1.7ms | Allocations: 1883)
[Webpacker] Everything's up-to-date. Nothing to do
  Rendered home/_navbar.html.erb (Duration: 0.2ms | Allocations: 97)
  Rendered layout layouts/application.html.erb (Duration: 10.5ms | Allocations: 8857)
Completed 200 OK in 1076ms (Views: 10.8ms | Allocations: 14051)


  Rendering layout layouts/application.html.erb
  Rendering home/index.html.erb within layouts/application
  Rendered home/index.html.erb within layouts/application (Duration: 1.6ms | Allocations: 1802)
[Webpacker] Everything's up-to-date. Nothing to do
  Rendered home/_navbar.html.erb (Duration: 0.2ms | Allocations: 91)
  Rendered layout layouts/application.html.erb (Duration: 10.8ms | Allocations: 8732)
Completed 200 OK in 600ms (Views: 11.2ms | Allocations: 23752)


Started GET "/home/prices" for ::1 at 2021-03-27 15:28:40 -0600
Processing by HomeController#prices as HTML
  Rendering layout layouts/application.html.erb
  Rendering home/prices.html.erb within layouts/application
  Rendered home/prices.html.erb within layouts/application (Duration: 0.1ms | Allocations: 38)
[Webpacker] Everything's up-to-date. Nothing to do
  Rendered home/_navbar.html.erb (Duration: 0.2ms | Allocations: 91)
  Rendered layout layouts/application.html.erb (Duration: 10.7ms | Allocations: 6967)
Completed 200 OK in 12ms (Views: 11.1ms | Allocations: 7345)


Started GET "/home/prices" for ::1 at 2021-03-27 15:28:59 -0600
Processing by HomeController#prices as HTML
  Rendering layout layouts/application.html.erb
  Rendering home/prices.html.erb within layouts/application
  Rendered home/prices.html.erb within layouts/application (Duration: 0.3ms | Allocations: 102)
[Webpacker] Everything's up-to-date. Nothing to do
  Rendered home/_navbar.html.erb (Duration: 0.5ms | Allocations: 229)
  Rendered layout layouts/application.html.erb (Duration: 13.1ms | Allocations: 7475)
Completed 200 OK in 16ms (Views: 14.6ms | Allocations: 8557)


Started GET "/home/prices" for ::1 at 2021-03-27 15:29:02 -0600
Processing by HomeController#prices as HTML
  Rendering layout layouts/application.html.erb
  Rendering home/prices.html.erb within layouts/application
  Rendered home/prices.html.erb within layouts/application (Duration: 0.1ms | Allocations: 38)
[Webpacker] Everything's up-to-date. Nothing to do
  Rendered home/_navbar.html.erb (Duration: 0.2ms | Allocations: 91)
  Rendered layout layouts/application.html.erb (Duration: 10.4ms | Allocations: 7047)
Completed 200 OK in 11ms (Views: 10.8ms | Allocations: 7427)


Started GET "/" for ::1 at 2021-03-27 15:29:04 -0600
Processing by HomeController#index as HTML
  Rendering layout layouts/application.html.erb
  Rendering home/index.html.erb within layouts/application
  Rendered home/index.html.erb within layouts/application (Duration: 2.4ms | Allocations: 1883)
[Webpacker] Everything's up-to-date. Nothing to do
  Rendered home/_navbar.html.erb (Duration: 0.2ms | Allocations: 97)
  Rendered layout layouts/application.html.erb (Duration: 13.0ms | Allocations: 8827)
Completed 200 OK in 804ms (Views: 13.4ms | Allocations: 11996)


Started GET "/home/prices" for ::1 at 2021-03-27 15:29:06 -0600
Processing by HomeController#prices as HTML
  Rendering layout layouts/application.html.erb
  Rendering home/prices.html.erb within layouts/application
  Rendered home/prices.html.erb within layouts/application (Duration: 0.1ms | Allocations: 38)
[Webpacker] Everything's up-to-date. Nothing to do
  Rendered home/_navbar.html.erb (Duration: 0.2ms | Allocations: 91)
  Rendered layout layouts/application.html.erb (Duration: 10.8ms | Allocations: 7076)
Completed 200 OK in 12ms (Views: 11.2ms | Allocations: 7454)


Started GET "/" for ::1 at 2021-03-27 15:34:31 -0600
Processing by HomeController#index as HTML
  Rendering layout layouts/application.html.erb
  Rendering home/index.html.erb within layouts/application
  Rendered home/index.html.erb within layouts/application (Duration: 2.1ms | Allocations: 1873)
[Webpacker] Everything's up-to-date. Nothing to do
  Rendered home/_navbar.html.erb (Duration: 0.5ms | Allocations: 225)
  Rendered layout layouts/application.html.erb (Duration: 13.9ms | Allocations: 9241)
Completed 200 OK in 1177ms (Views: 15.8ms | Allocations: 13542)


Started GET "/" for ::1 at 2021-03-27 15:41:47 -0600
Processing by HomeController#index as HTML
  Rendering layout layouts/application.html.erb
  Rendering home/index.html.erb within layouts/application
  Rendered home/index.html.erb within layouts/application (Duration: 0.5ms | Allocations: 280)
[Webpacker] Everything's up-to-date. Nothing to do
  Rendered home/_navbar.html.erb (Duration: 0.5ms | Allocations: 221)
  Rendered layout layouts/application.html.erb (Duration: 13.0ms | Allocations: 7742)
Completed 200 OK in 864ms (Views: 14.8ms | Allocations: 11374)


Started GET "/" for ::1 at 2021-03-27 15:43:28 -0600
Processing by HomeController#index as HTML
  Rendering layout layouts/application.html.erb
  Rendering home/index.html.erb within layouts/application
  Rendered home/index.html.erb within layouts/application (Duration: 0.5ms | Allocations: 288)
[Webpacker] Everything's up-to-date. Nothing to do
  Rendered home/_navbar.html.erb (Duration: 0.5ms | Allocations: 221)
  Rendered layout layouts/application.html.erb (Duration: 12.1ms | Allocations: 7744)
Completed 200 OK in 832ms (Views: 14.0ms | Allocations: 11380)


Started GET "/" for ::1 at 2021-03-27 20:25:06 -0600
Processing by HomeController#index as HTML
  Rendering layout layouts/application.html.erb
  Rendering home/index.html.erb within layouts/application
  Rendered home/index.html.erb within layouts/application (Duration: 0.8ms | Allocations: 400)
[Webpacker] Everything's up-to-date. Nothing to do
  Rendered home/_navbar.html.erb (Duration: 0.8ms | Allocations: 221)
  Rendered layout layouts/application.html.erb (Duration: 25.3ms | Allocations: 7799)
Completed 200 OK in 897ms (Views: 27.8ms | Allocations: 11426)


Started GET "/" for ::1 at 2021-03-27 20:32:50 -0600
Processing by HomeController#index as HTML
  Rendering layout layouts/application.html.erb
  Rendering home/index.html.erb within layouts/application
  Rendered home/index.html.erb within layouts/application (Duration: 0.5ms | Allocations: 418)
[Webpacker] Everything's up-to-date. Nothing to do
  Rendered home/_navbar.html.erb (Duration: 0.8ms | Allocations: 222)
  Rendered layout layouts/application.html.erb (Duration: 15.6ms | Allocations: 7881)
Completed 200 OK in 840ms (Views: 16.9ms | Allocations: 11507)


Started GET "/" for ::1 at 2021-03-27 20:33:52 -0600
Processing by HomeController#index as HTML
  Rendering layout layouts/application.html.erb
  Rendering home/index.html.erb within layouts/application
  Rendered home/index.html.erb within layouts/application (Duration: 0.5ms | Allocations: 415)
[Webpacker] Everything's up-to-date. Nothing to do
  Rendered home/_navbar.html.erb (Duration: 0.4ms | Allocations: 221)
  Rendered layout layouts/application.html.erb (Duration: 11.9ms | Allocations: 7872)
Completed 200 OK in 599ms (Views: 13.1ms | Allocations: 11500)


Started GET "/" for ::1 at 2021-03-27 20:33:55 -0600
Processing by HomeController#index as HTML
  Rendering layout layouts/application.html.erb
  Rendering home/index.html.erb within layouts/application
  Rendered home/index.html.erb within layouts/application (Duration: 0.3ms | Allocations: 244)
[Webpacker] Everything's up-to-date. Nothing to do
  Rendered home/_navbar.html.erb (Duration: 0.2ms | Allocations: 91)
  Rendered layout layouts/application.html.erb (Duration: 9.0ms | Allocations: 7176)
Completed 200 OK in 991ms (Views: 10.5ms | Allocations: 10089)


Started GET "/" for ::1 at 2021-03-27 20:34:47 -0600
Processing by HomeController#index as HTML
  Rendering layout layouts/application.html.erb
  Rendering home/index.html.erb within layouts/application
  Rendered home/index.html.erb within layouts/application (Duration: 0.5ms | Allocations: 414)
[Webpacker] Everything's up-to-date. Nothing to do
  Rendered home/_navbar.html.erb (Duration: 0.4ms | Allocations: 221)
  Rendered layout layouts/application.html.erb (Duration: 10.4ms | Allocations: 7783)
Completed 200 OK in 665ms (Views: 11.9ms | Allocations: 11414)


Started GET "/" for ::1 at 2021-03-27 20:35:07 -0600
Processing by HomeController#index as HTML
  Rendering layout layouts/application.html.erb
  Rendering home/index.html.erb within layouts/application
  Rendered home/index.html.erb within layouts/application (Duration: 2.4ms | Allocations: 512)
[Webpacker] Everything's up-to-date. Nothing to do
  Rendered home/_navbar.html.erb (Duration: 0.5ms | Allocations: 222)
  Rendered layout layouts/application.html.erb (Duration: 12.9ms | Allocations: 7978)
Completed 200 OK in 605ms (Views: 14.5ms | Allocations: 11604)


Started GET "/" for ::1 at 2021-03-27 20:39:02 -0600
Processing by HomeController#index as HTML
  Rendering layout layouts/application.html.erb
  Rendering home/index.html.erb within layouts/application
  Rendered home/index.html.erb within layouts/application (Duration: 0.8ms | Allocations: 630)
[Webpacker] Everything's up-to-date. Nothing to do
  Rendered home/_navbar.html.erb (Duration: 0.5ms | Allocations: 222)
  Rendered layout layouts/application.html.erb (Duration: 12.3ms | Allocations: 8093)
Completed 200 OK in 1214ms (Views: 14.3ms | Allocations: 11723)


Started GET "/" for ::1 at 2021-03-27 20:39:10 -0600
Processing by HomeController#index as HTML
  Rendering layout layouts/application.html.erb
  Rendering home/index.html.erb within layouts/application
  Rendered home/index.html.erb within layouts/application (Duration: 0.8ms | Allocations: 443)
[Webpacker] Everything's up-to-date. Nothing to do
  Rendered home/_navbar.html.erb (Duration: 0.2ms | Allocations: 91)
  Rendered layout layouts/application.html.erb (Duration: 11.9ms | Allocations: 7464)
Completed 200 OK in 1101ms (Views: 12.5ms | Allocations: 10395)


Started GET "/" for ::1 at 2021-03-27 20:47:51 -0600
Processing by HomeController#index as HTML
  Rendering layout layouts/application.html.erb
  Rendering home/index.html.erb within layouts/application
  Rendered home/index.html.erb within layouts/application (Duration: 1.1ms | Allocations: 590)
[Webpacker] Everything's up-to-date. Nothing to do
  Rendered home/_navbar.html.erb (Duration: 0.6ms | Allocations: 226)
  Rendered layout layouts/application.html.erb (Duration: 15.9ms | Allocations: 8016)
Completed 200 OK in 881ms (Views: 20.1ms | Allocations: 11643)


Started GET "/" for ::1 at 2021-03-27 20:48:01 -0600
Processing by HomeController#index as HTML
  Rendering layout layouts/application.html.erb
  Rendering home/index.html.erb within layouts/application
  Rendered home/index.html.erb within layouts/application (Duration: 0.4ms | Allocations: 394)
[Webpacker] Everything's up-to-date. Nothing to do
  Rendered home/_navbar.html.erb (Duration: 0.2ms | Allocations: 91)
  Rendered layout layouts/application.html.erb (Duration: 11.5ms | Allocations: 7420)
Completed 200 OK in 1158ms (Views: 12.0ms | Allocations: 10484)


Started GET "/" for ::1 at 2021-03-27 20:48:06 -0600
Processing by HomeController#index as HTML
  Rendering layout layouts/application.html.erb
  Rendering home/index.html.erb within layouts/application
  Rendered home/index.html.erb within layouts/application (Duration: 0.4ms | Allocations: 394)
[Webpacker] Everything's up-to-date. Nothing to do
  Rendered home/_navbar.html.erb (Duration: 0.2ms | Allocations: 91)
  Rendered layout layouts/application.html.erb (Duration: 11.4ms | Allocations: 7418)
Completed 200 OK in 816ms (Views: 11.8ms | Allocations: 10339)


Started GET "/" for ::1 at 2021-03-27 20:49:00 -0600
Processing by HomeController#index as HTML
  Rendering layout layouts/application.html.erb
  Rendering home/index.html.erb within layouts/application
  Rendered home/index.html.erb within layouts/application (Duration: 0.8ms | Allocations: 701)
[Webpacker] Everything's up-to-date. Nothing to do
  Rendered home/_navbar.html.erb (Duration: 0.5ms | Allocations: 221)
  Rendered layout layouts/application.html.erb (Duration: 12.3ms | Allocations: 8116)
Completed 200 OK in 766ms (Views: 14.2ms | Allocations: 11745)


Started GET "/" for ::1 at 2021-03-27 20:49:08 -0600
Processing by HomeController#index as HTML
  Rendering layout layouts/application.html.erb
  Rendering home/index.html.erb within layouts/application
  Rendered home/index.html.erb within layouts/application (Duration: 0.5ms | Allocations: 493)
[Webpacker] Everything's up-to-date. Nothing to do
  Rendered home/_navbar.html.erb (Duration: 0.2ms | Allocations: 91)
  Rendered layout layouts/application.html.erb (Duration: 10.0ms | Allocations: 7425)
Completed 200 OK in 1806ms (Views: 10.5ms | Allocations: 10358)


Started GET "/" for ::1 at 2021-03-27 20:52:04 -0600
Processing by HomeController#index as HTML
  Rendering layout layouts/application.html.erb
  Rendering home/index.html.erb within layouts/application
  Rendered home/index.html.erb within layouts/application (Duration: 0.9ms | Allocations: 711)
[Webpacker] Everything's up-to-date. Nothing to do
  Rendered home/_navbar.html.erb (Duration: 0.5ms | Allocations: 221)
  Rendered layout layouts/application.html.erb (Duration: 12.2ms | Allocations: 8173)
Completed 200 OK in 1189ms (Views: 14.1ms | Allocations: 11817)


Started GET "/" for ::1 at 2021-03-27 20:53:58 -0600
Processing by HomeController#index as HTML
  Rendering layout layouts/application.html.erb
  Rendering home/index.html.erb within layouts/application
  Rendered home/index.html.erb within layouts/application (Duration: 0.9ms | Allocations: 713)
[Webpacker] Everything's up-to-date. Nothing to do
  Rendered home/_navbar.html.erb (Duration: 0.7ms | Allocations: 221)
  Rendered layout layouts/application.html.erb (Duration: 12.5ms | Allocations: 8169)
Completed 200 OK in 798ms (Views: 14.4ms | Allocations: 11803)


Started GET "/" for ::1 at 2021-03-27 20:56:06 -0600
Processing by HomeController#index as HTML
  Rendering layout layouts/application.html.erb
  Rendering home/index.html.erb within layouts/application
  Rendered home/index.html.erb within layouts/application (Duration: 0.9ms | Allocations: 702)
[Webpacker] Everything's up-to-date. Nothing to do
  Rendered home/_navbar.html.erb (Duration: 0.5ms | Allocations: 221)
  Rendered layout layouts/application.html.erb (Duration: 12.3ms | Allocations: 8114)
Completed 200 OK in 780ms (Views: 14.3ms | Allocations: 11739)


Started GET "/" for ::1 at 2021-03-27 21:04:10 -0600
Processing by HomeController#index as HTML
  Rendering layout layouts/application.html.erb
  Rendering home/index.html.erb within layouts/application
  Rendered home/index.html.erb within layouts/application (Duration: 0.8ms | Allocations: 699)
[Webpacker] Everything's up-to-date. Nothing to do
  Rendered home/_navbar.html.erb (Duration: 0.6ms | Allocations: 222)
  Rendered layout layouts/application.html.erb (Duration: 12.9ms | Allocations: 8157)
Completed 200 OK in 1116ms (Views: 14.8ms | Allocations: 11798)


Started GET "/" for ::1 at 2021-03-27 21:08:27 -0600
Processing by HomeController#index as HTML
  Rendering layout layouts/application.html.erb
  Rendering home/index.html.erb within layouts/application
  Rendered home/index.html.erb within layouts/application (Duration: 0.9ms | Allocations: 695)
[Webpacker] Everything's up-to-date. Nothing to do
  Rendered home/_navbar.html.erb (Duration: 0.5ms | Allocations: 221)
  Rendered layout layouts/application.html.erb (Duration: 12.5ms | Allocations: 8152)
Completed 200 OK in 847ms (Views: 14.4ms | Allocations: 11799)


Started GET "/" for ::1 at 2021-03-27 21:16:54 -0600
Processing by HomeController#index as HTML
  Rendering layout layouts/application.html.erb
  Rendering home/index.html.erb within layouts/application
  Rendered home/index.html.erb within layouts/application (Duration: 1.3ms | Allocations: 1086)
[Webpacker] Everything's up-to-date. Nothing to do
  Rendered home/_navbar.html.erb (Duration: 0.5ms | Allocations: 223)
  Rendered layout layouts/application.html.erb (Duration: 13.1ms | Allocations: 8524)
Completed 200 OK in 3176ms (Views: 15.3ms | Allocations: 13349)


Started GET "/" for ::1 at 2021-03-27 21:20:19 -0600
Processing by HomeController#index as HTML
  Rendering layout layouts/application.html.erb
  Rendering home/index.html.erb within layouts/application
  Rendered home/index.html.erb within layouts/application (Duration: 1.1ms | Allocations: 866)
[Webpacker] Everything's up-to-date. Nothing to do
  Rendered home/_navbar.html.erb (Duration: 0.2ms | Allocations: 91)
  Rendered layout layouts/application.html.erb (Duration: 12.4ms | Allocations: 7892)
Completed 200 OK in 1266ms (Views: 12.9ms | Allocations: 11944)


Started GET "/" for ::1 at 2021-03-27 21:21:36 -0600
Processing by HomeController#index as HTML
  Rendering layout layouts/application.html.erb
  Rendering home/index.html.erb within layouts/application
  Rendered home/index.html.erb within layouts/application (Duration: 1.0ms | Allocations: 866)
[Webpacker] Everything's up-to-date. Nothing to do
  Rendered home/_navbar.html.erb (Duration: 0.2ms | Allocations: 91)
  Rendered layout layouts/application.html.erb (Duration: 11.5ms | Allocations: 7796)
Completed 200 OK in 1430ms (Views: 12.0ms | Allocations: 11827)


Started GET "/home/prices" for ::1 at 2021-03-27 21:21:39 -0600
Processing by HomeController#prices as HTML
  Rendering layout layouts/application.html.erb
  Rendering home/prices.html.erb within layouts/application
  Rendered home/prices.html.erb within layouts/application (Duration: 0.3ms | Allocations: 105)
[Webpacker] Everything's up-to-date. Nothing to do
  Rendered home/_navbar.html.erb (Duration: 0.2ms | Allocations: 97)
  Rendered layout layouts/application.html.erb (Duration: 11.4ms | Allocations: 7134)
Completed 200 OK in 13ms (Views: 11.8ms | Allocations: 7652)


Started GET "/" for ::1 at 2021-03-27 21:21:40 -0600
Processing by HomeController#index as HTML
  Rendering layout layouts/application.html.erb
  Rendering home/index.html.erb within layouts/application
  Rendered home/index.html.erb within layouts/application (Duration: 0.8ms | Allocations: 867)
[Webpacker] Everything's up-to-date. Nothing to do
  Rendered home/_navbar.html.erb (Duration: 0.2ms | Allocations: 91)
  Rendered layout layouts/application.html.erb (Duration: 11.6ms | Allocations: 7891)
Completed 200 OK in 1495ms (Views: 12.0ms | Allocations: 12606)


Started GET "/" for ::1 at 2021-03-27 21:23:04 -0600
Processing by HomeController#index as HTML
  Rendering layout layouts/application.html.erb
  Rendering home/index.html.erb within layouts/application
  Rendered home/index.html.erb within layouts/application (Duration: 1.3ms | Allocations: 896)
[Webpacker] Everything's up-to-date. Nothing to do
  Rendered home/_navbar.html.erb (Duration: 0.5ms | Allocations: 221)
  Rendered layout layouts/application.html.erb (Duration: 13.0ms | Allocations: 8358)
Completed 200 OK in 1740ms (Views: 14.9ms | Allocations: 13121)


Started GET "/" for ::1 at 2021-03-27 21:30:34 -0600
Processing by HomeController#index as HTML
  Rendering layout layouts/application.html.erb
  Rendering home/index.html.erb within layouts/application
  Rendered home/index.html.erb within layouts/application (Duration: 1.2ms | Allocations: 942)
[Webpacker] Everything's up-to-date. Nothing to do
  Rendered home/_navbar.html.erb (Duration: 0.5ms | Allocations: 221)
  Rendered layout layouts/application.html.erb (Duration: 13.6ms | Allocations: 8393)
Completed 200 OK in 1615ms (Views: 15.6ms | Allocations: 13153)


Started GET "/" for ::1 at 2021-03-27 21:31:18 -0600
Processing by HomeController#index as HTML
  Rendering layout layouts/application.html.erb
  Rendering home/index.html.erb within layouts/application
  Rendered home/index.html.erb within layouts/application (Duration: 1.2ms | Allocations: 943)
[Webpacker] Everything's up-to-date. Nothing to do
  Rendered home/_navbar.html.erb (Duration: 0.5ms | Allocations: 224)
  Rendered layout layouts/application.html.erb (Duration: 15.3ms | Allocations: 8400)
Completed 200 OK in 1906ms (Views: 17.3ms | Allocations: 13138)


Started GET "/" for ::1 at 2021-03-27 21:32:23 -0600
Processing by HomeController#index as HTML
  Rendering layout layouts/application.html.erb
  Rendering home/index.html.erb within layouts/application
  Rendered home/index.html.erb within layouts/application (Duration: 1.3ms | Allocations: 1133)
[Webpacker] Everything's up-to-date. Nothing to do
  Rendered home/_navbar.html.erb (Duration: 0.5ms | Allocations: 222)
  Rendered layout layouts/application.html.erb (Duration: 12.9ms | Allocations: 8595)
Completed 200 OK in 2033ms (Views: 15.0ms | Allocations: 13361)


Started GET "/" for ::1 at 2021-03-27 21:34:07 -0600
Processing by HomeController#index as HTML
  Rendering layout layouts/application.html.erb
  Rendering home/index.html.erb within layouts/application
  Rendered home/index.html.erb within layouts/application (Duration: 0.9ms | Allocations: 961)
[Webpacker] Everything's up-to-date. Nothing to do
  Rendered home/_navbar.html.erb (Duration: 0.4ms | Allocations: 221)
  Rendered layout layouts/application.html.erb (Duration: 11.1ms | Allocations: 8415)
Completed 200 OK in 2074ms (Views: 12.7ms | Allocations: 13180)


Started GET "/" for ::1 at 2021-03-27 21:38:30 -0600
Processing by HomeController#index as HTML
  Rendering layout layouts/application.html.erb
  Rendering home/index.html.erb within layouts/application
  Rendered home/index.html.erb within layouts/application (Duration: 1.2ms | Allocations: 1029)
[Webpacker] Everything's up-to-date. Nothing to do
  Rendered home/_navbar.html.erb (Duration: 0.5ms | Allocations: 221)
  Rendered layout layouts/application.html.erb (Duration: 12.9ms | Allocations: 8486)
Completed 200 OK in 1619ms (Views: 14.7ms | Allocations: 13258)


Started GET "/" for ::1 at 2021-03-27 21:39:07 -0600
Processing by HomeController#index as HTML
  Rendering layout layouts/application.html.erb
  Rendering home/index.html.erb within layouts/application
  Rendered home/index.html.erb within layouts/application (Duration: 0.6ms | Allocations: 591)
[Webpacker] Everything's up-to-date. Nothing to do
  Rendered home/_navbar.html.erb (Duration: 0.2ms | Allocations: 99)
  Rendered layout layouts/application.html.erb (Duration: 11.4ms | Allocations: 7604)
Completed 200 OK in 1364ms (Views: 12.2ms | Allocations: 11625)


Started GET "/" for ::1 at 2021-03-27 21:41:24 -0600
Processing by HomeController#index as HTML
  Rendering layout layouts/application.html.erb
  Rendering home/index.html.erb within layouts/application
  Rendered home/index.html.erb within layouts/application (Duration: 1.3ms | Allocations: 1521)
[Webpacker] Everything's up-to-date. Nothing to do
  Rendered home/_navbar.html.erb (Duration: 0.2ms | Allocations: 99)
  Rendered layout layouts/application.html.erb (Duration: 10.6ms | Allocations: 8534)
Completed 200 OK in 1882ms (Views: 11.4ms | Allocations: 14040)


Started GET "/" for ::1 at 2021-03-27 21:51:30 -0600
Processing by HomeController#index as HTML
  Rendering layout layouts/application.html.erb
  Rendering home/index.html.erb within layouts/application
  Rendered home/index.html.erb within layouts/application (Duration: 1.2ms | Allocations: 941)
[Webpacker] Everything's up-to-date. Nothing to do
  Rendered home/_navbar.html.erb (Duration: 0.5ms | Allocations: 221)
  Rendered layout layouts/application.html.erb (Duration: 12.9ms | Allocations: 8398)
Completed 200 OK in 1406ms (Views: 14.9ms | Allocations: 14485)


Started GET "/" for ::1 at 2021-03-27 21:52:12 -0600
Processing by HomeController#index as HTML
  Rendering layout layouts/application.html.erb
  Rendering home/index.html.erb within layouts/application
  Rendered home/index.html.erb within layouts/application (Duration: 1.1ms | Allocations: 902)
[Webpacker] Everything's up-to-date. Nothing to do
  Rendered home/_navbar.html.erb (Duration: 0.5ms | Allocations: 221)
  Rendered layout layouts/application.html.erb (Duration: 12.3ms | Allocations: 8264)
Completed 200 OK in 1329ms (Views: 14.2ms | Allocations: 14325)


Started GET "/" for ::1 at 2021-03-27 21:52:35 -0600
Processing by HomeController#index as HTML
  Rendering layout layouts/application.html.erb
  Rendering home/index.html.erb within layouts/application
  Rendered home/index.html.erb within layouts/application (Duration: 1.0ms | Allocations: 935)
[Webpacker] Everything's up-to-date. Nothing to do
  Rendered home/_navbar.html.erb (Duration: 0.5ms | Allocations: 221)
  Rendered layout layouts/application.html.erb (Duration: 12.3ms | Allocations: 8392)
Completed 200 OK in 1835ms (Views: 14.2ms | Allocations: 14470)


Started GET "/" for ::1 at 2021-03-27 21:53:28 -0600
Processing by HomeController#index as HTML
  Rendering layout layouts/application.html.erb
  Rendering home/index.html.erb within layouts/application
  Rendered home/index.html.erb within layouts/application (Duration: 0.6ms | Allocations: 550)
[Webpacker] Everything's up-to-date. Nothing to do
  Rendered home/_navbar.html.erb (Duration: 0.2ms | Allocations: 91)
  Rendered layout layouts/application.html.erb (Duration: 11.0ms | Allocations: 7576)
Completed 200 OK in 1372ms (Views: 11.5ms | Allocations: 15795)


Started GET "/" for ::1 at 2021-03-27 21:53:33 -0600
Processing by HomeController#index as HTML
  Rendering layout layouts/application.html.erb
  Rendering home/index.html.erb within layouts/application
  Rendered home/index.html.erb within layouts/application (Duration: 1.1ms | Allocations: 901)
[Webpacker] Everything's up-to-date. Nothing to do
  Rendered home/_navbar.html.erb (Duration: 0.5ms | Allocations: 221)
  Rendered layout layouts/application.html.erb (Duration: 12.8ms | Allocations: 8264)
Completed 200 OK in 1706ms (Views: 14.7ms | Allocations: 14334)


Started GET "/" for ::1 at 2021-03-27 21:53:50 -0600
Processing by HomeController#index as HTML
  Rendering layout layouts/application.html.erb
  Rendering home/index.html.erb within layouts/application
  Rendered home/index.html.erb within layouts/application (Duration: 1.2ms | Allocations: 913)
[Webpacker] Everything's up-to-date. Nothing to do
  Rendered home/_navbar.html.erb (Duration: 0.5ms | Allocations: 221)
  Rendered layout layouts/application.html.erb (Duration: 12.6ms | Allocations: 8370)
Completed 200 OK in 1519ms (Views: 14.5ms | Allocations: 14461)


Started GET "/" for ::1 at 2021-03-27 21:54:34 -0600
Processing by HomeController#index as HTML
  Rendering layout layouts/application.html.erb
  Rendering home/index.html.erb within layouts/application
  Rendered home/index.html.erb within layouts/application (Duration: 1.0ms | Allocations: 905)
[Webpacker] Everything's up-to-date. Nothing to do
  Rendered home/_navbar.html.erb (Duration: 0.5ms | Allocations: 221)
  Rendered layout layouts/application.html.erb (Duration: 12.2ms | Allocations: 8361)
Completed 200 OK in 1530ms (Views: 14.0ms | Allocations: 14447)


Started GET "/" for ::1 at 2021-03-27 21:54:40 -0600
Processing by HomeController#index as HTML
  Rendering layout layouts/application.html.erb
  Rendering home/index.html.erb within layouts/application
  Rendered home/index.html.erb within layouts/application (Duration: 0.6ms | Allocations: 550)
[Webpacker] Everything's up-to-date. Nothing to do
  Rendered home/_navbar.html.erb (Duration: 0.2ms | Allocations: 91)
  Rendered layout layouts/application.html.erb (Duration: 11.8ms | Allocations: 7482)
Completed 200 OK in 1332ms (Views: 12.3ms | Allocations: 12838)


Started GET "/" for ::1 at 2021-03-27 21:55:13 -0600
Processing by HomeController#index as HTML
  Rendering layout layouts/application.html.erb
  Rendering home/index.html.erb within layouts/application
  Rendered home/index.html.erb within layouts/application (Duration: 1.2ms | Allocations: 907)
[Webpacker] Everything's up-to-date. Nothing to do
  Rendered home/_navbar.html.erb (Duration: 0.6ms | Allocations: 221)
  Rendered layout layouts/application.html.erb (Duration: 13.0ms | Allocations: 8364)
Completed 200 OK in 1990ms (Views: 14.9ms | Allocations: 14454)


Started GET "/" for ::1 at 2021-03-27 21:58:30 -0600
Processing by HomeController#index as HTML
  Rendering layout layouts/application.html.erb
  Rendering home/index.html.erb within layouts/application
  Rendered home/index.html.erb within layouts/application (Duration: 1.1ms | Allocations: 901)
[Webpacker] Everything's up-to-date. Nothing to do
  Rendered home/_navbar.html.erb (Duration: 0.5ms | Allocations: 221)
  Rendered layout layouts/application.html.erb (Duration: 12.9ms | Allocations: 8357)
Completed 200 OK in 1243ms (Views: 14.9ms | Allocations: 14445)


Started GET "/" for ::1 at 2021-03-27 22:00:29 -0600
Processing by HomeController#index as HTML
  Rendering layout layouts/application.html.erb
  Rendering home/index.html.erb within layouts/application
  Rendered home/index.html.erb within layouts/application (Duration: 1.1ms | Allocations: 901)
[Webpacker] Everything's up-to-date. Nothing to do
  Rendered home/_navbar.html.erb (Duration: 0.5ms | Allocations: 224)
  Rendered layout layouts/application.html.erb (Duration: 15.0ms | Allocations: 8361)
Completed 200 OK in 2091ms (Views: 17.0ms | Allocations: 14425)


Started GET "/" for ::1 at 2021-03-27 22:02:07 -0600
Processing by HomeController#index as HTML
  Rendering layout layouts/application.html.erb
  Rendering home/index.html.erb within layouts/application
  Rendered home/index.html.erb within layouts/application (Duration: 1.1ms | Allocations: 902)
[Webpacker] Everything's up-to-date. Nothing to do
  Rendered home/_navbar.html.erb (Duration: 0.5ms | Allocations: 221)
  Rendered layout layouts/application.html.erb (Duration: 12.6ms | Allocations: 8359)
Completed 200 OK in 2142ms (Views: 14.6ms | Allocations: 14453)


Started GET "/" for ::1 at 2021-03-27 22:02:44 -0600
Processing by HomeController#index as HTML
  Rendering layout layouts/application.html.erb
  Rendering home/index.html.erb within layouts/application
  Rendered home/index.html.erb within layouts/application (Duration: 1.1ms | Allocations: 901)
[Webpacker] Everything's up-to-date. Nothing to do
  Rendered home/_navbar.html.erb (Duration: 0.5ms | Allocations: 221)
  Rendered layout layouts/application.html.erb (Duration: 12.8ms | Allocations: 8357)
Completed 200 OK in 1316ms (Views: 14.7ms | Allocations: 14424)


Started GET "/" for ::1 at 2021-03-27 22:09:50 -0600
Processing by HomeController#index as HTML
  Rendering layout layouts/application.html.erb
  Rendering home/index.html.erb within layouts/application
  Rendered home/index.html.erb within layouts/application (Duration: 1.1ms | Allocations: 906)
[Webpacker] Everything's up-to-date. Nothing to do
  Rendered home/_navbar.html.erb (Duration: 0.5ms | Allocations: 222)
  Rendered layout layouts/application.html.erb (Duration: 12.5ms | Allocations: 8275)
Completed 200 OK in 1448ms (Views: 14.5ms | Allocations: 14362)


Started GET "/" for ::1 at 2021-03-27 22:10:15 -0600
Processing by HomeController#index as HTML
  Rendering layout layouts/application.html.erb
  Rendering home/index.html.erb within layouts/application
  Rendered home/index.html.erb within layouts/application (Duration: 1.1ms | Allocations: 898)
[Webpacker] Everything's up-to-date. Nothing to do
  Rendered home/_navbar.html.erb (Duration: 0.6ms | Allocations: 221)
  Rendered layout layouts/application.html.erb (Duration: 13.0ms | Allocations: 8355)
Completed 200 OK in 1470ms (Views: 15.0ms | Allocations: 14444)


Started GET "/" for ::1 at 2021-03-27 22:10:47 -0600
Processing by HomeController#index as HTML
  Rendering layout layouts/application.html.erb
  Rendering home/index.html.erb within layouts/application
  Rendered home/index.html.erb within layouts/application (Duration: 1.3ms | Allocations: 903)
[Webpacker] Everything's up-to-date. Nothing to do
  Rendered home/_navbar.html.erb (Duration: 1.2ms | Allocations: 221)
  Rendered layout layouts/application.html.erb (Duration: 16.7ms | Allocations: 8365)
Completed 200 OK in 2200ms (Views: 18.7ms | Allocations: 14455)


Started GET "/" for ::1 at 2021-03-27 22:11:54 -0600
Processing by HomeController#index as HTML
  Rendering layout layouts/application.html.erb
  Rendering home/index.html.erb within layouts/application
  Rendered home/index.html.erb within layouts/application (Duration: 1.5ms | Allocations: 898)
[Webpacker] Everything's up-to-date. Nothing to do
  Rendered home/_navbar.html.erb (Duration: 0.5ms | Allocations: 228)
  Rendered layout layouts/application.html.erb (Duration: 19.7ms | Allocations: 8270)
Completed 200 OK in 1339ms (Views: 22.1ms | Allocations: 14362)


Started GET "/" for ::1 at 2021-03-27 22:18:22 -0600
Processing by HomeController#index as HTML
  Rendering layout layouts/application.html.erb
  Rendering home/index.html.erb within layouts/application
  Rendered home/index.html.erb within layouts/application (Duration: 1.1ms | Allocations: 898)
[Webpacker] Everything's up-to-date. Nothing to do
  Rendered home/_navbar.html.erb (Duration: 0.5ms | Allocations: 221)
  Rendered layout layouts/application.html.erb (Duration: 13.0ms | Allocations: 8354)
Completed 200 OK in 1657ms (Views: 14.9ms | Allocations: 14421)


Started GET "/" for ::1 at 2021-03-27 22:19:26 -0600
Processing by HomeController#index as HTML
  Rendering layout layouts/application.html.erb
  Rendering home/index.html.erb within layouts/application
  Rendered home/index.html.erb within layouts/application (Duration: 1.1ms | Allocations: 897)
[Webpacker] Everything's up-to-date. Nothing to do
  Rendered home/_navbar.html.erb (Duration: 0.5ms | Allocations: 222)
  Rendered layout layouts/application.html.erb (Duration: 12.8ms | Allocations: 8261)
Completed 200 OK in 1314ms (Views: 14.8ms | Allocations: 14329)


Started GET "/" for ::1 at 2021-03-27 22:20:44 -0600
Processing by HomeController#index as HTML
  Rendering layout layouts/application.html.erb
  Rendering home/index.html.erb within layouts/application
  Rendered home/index.html.erb within layouts/application (Duration: 1.3ms | Allocations: 897)
[Webpacker] Everything's up-to-date. Nothing to do
  Rendered home/_navbar.html.erb (Duration: 0.5ms | Allocations: 224)
  Rendered layout layouts/application.html.erb (Duration: 15.4ms | Allocations: 8269)
Completed 200 OK in 1410ms (Views: 17.5ms | Allocations: 14341)


Started GET "/" for ::1 at 2021-03-27 22:20:57 -0600
Processing by HomeController#index as HTML
  Rendering layout layouts/application.html.erb
  Rendering home/index.html.erb within layouts/application
  Rendered home/index.html.erb within layouts/application (Duration: 1.4ms | Allocations: 898)
[Webpacker] Everything's up-to-date. Nothing to do
  Rendered home/_navbar.html.erb (Duration: 0.5ms | Allocations: 221)
  Rendered layout layouts/application.html.erb (Duration: 13.7ms | Allocations: 8264)
Completed 200 OK in 1285ms (Views: 17.2ms | Allocations: 14333)


Started GET "/" for ::1 at 2021-03-27 22:21:09 -0600
Processing by HomeController#index as HTML
  Rendering layout layouts/application.html.erb
  Rendering home/index.html.erb within layouts/application
  Rendered home/index.html.erb within layouts/application (Duration: 1.1ms | Allocations: 897)
[Webpacker] Everything's up-to-date. Nothing to do
  Rendered home/_navbar.html.erb (Duration: 0.5ms | Allocations: 221)
  Rendered layout layouts/application.html.erb (Duration: 12.8ms | Allocations: 8266)
Completed 200 OK in 1330ms (Views: 14.6ms | Allocations: 14334)


Started GET "/" for ::1 at 2021-03-27 22:21:27 -0600
Processing by HomeController#index as HTML
  Rendering layout layouts/application.html.erb
  Rendering home/index.html.erb within layouts/application
  Rendered home/index.html.erb within layouts/application (Duration: 0.6ms | Allocations: 550)
[Webpacker] Everything's up-to-date. Nothing to do
  Rendered home/_navbar.html.erb (Duration: 0.2ms | Allocations: 91)
  Rendered layout layouts/application.html.erb (Duration: 11.8ms | Allocations: 7562)
Completed 200 OK in 1857ms (Views: 12.3ms | Allocations: 12940)


Started GET "/" for ::1 at 2021-03-27 22:21:38 -0600
Processing by HomeController#index as HTML
  Rendering layout layouts/application.html.erb
  Rendering home/index.html.erb within layouts/application
  Rendered home/index.html.erb within layouts/application (Duration: 1.0ms | Allocations: 901)
[Webpacker] Everything's up-to-date. Nothing to do
  Rendered home/_navbar.html.erb (Duration: 0.5ms | Allocations: 221)
  Rendered layout layouts/application.html.erb (Duration: 12.9ms | Allocations: 8359)
Completed 200 OK in 1750ms (Views: 14.7ms | Allocations: 14431)


Started GET "/" for ::1 at 2021-03-27 22:21:54 -0600
Processing by HomeController#index as HTML
  Rendering layout layouts/application.html.erb
  Rendering home/index.html.erb within layouts/application
  Rendered home/index.html.erb within layouts/application (Duration: 0.6ms | Allocations: 550)
[Webpacker] Everything's up-to-date. Nothing to do
  Rendered home/_navbar.html.erb (Duration: 0.2ms | Allocations: 91)
  Rendered layout layouts/application.html.erb (Duration: 11.5ms | Allocations: 7485)
Completed 200 OK in 1687ms (Views: 12.0ms | Allocations: 12969)


Started GET "/" for ::1 at 2021-03-27 22:21:58 -0600
Processing by HomeController#index as HTML
  Rendering layout layouts/application.html.erb
  Rendering home/index.html.erb within layouts/application
  Rendered home/index.html.erb within layouts/application (Duration: 1.1ms | Allocations: 899)
[Webpacker] Everything's up-to-date. Nothing to do
  Rendered home/_navbar.html.erb (Duration: 0.5ms | Allocations: 221)
  Rendered layout layouts/application.html.erb (Duration: 12.4ms | Allocations: 8356)
Completed 200 OK in 2536ms (Views: 14.2ms | Allocations: 14445)


Started GET "/" for ::1 at 2021-03-27 22:23:07 -0600
Processing by HomeController#index as HTML
  Rendering layout layouts/application.html.erb
  Rendering home/index.html.erb within layouts/application
  Rendered home/index.html.erb within layouts/application (Duration: 1.2ms | Allocations: 898)
[Webpacker] Everything's up-to-date. Nothing to do
  Rendered home/_navbar.html.erb (Duration: 0.5ms | Allocations: 221)
  Rendered layout layouts/application.html.erb (Duration: 13.0ms | Allocations: 8341)
Completed 200 OK in 1449ms (Views: 14.9ms | Allocations: 14415)


Started GET "/" for ::1 at 2021-03-27 22:23:32 -0600
Processing by HomeController#index as HTML
  Rendering layout layouts/application.html.erb
  Rendering home/index.html.erb within layouts/application
  Rendered home/index.html.erb within layouts/application (Duration: 1.2ms | Allocations: 903)
[Webpacker] Everything's up-to-date. Nothing to do
  Rendered home/_navbar.html.erb (Duration: 0.5ms | Allocations: 221)
  Rendered layout layouts/application.html.erb (Duration: 12.8ms | Allocations: 8360)
Completed 200 OK in 1337ms (Views: 14.7ms | Allocations: 14452)


Started GET "/" for ::1 at 2021-03-27 22:23:52 -0600
Processing by HomeController#index as HTML
  Rendering layout layouts/application.html.erb
  Rendering home/index.html.erb within layouts/application
  Rendered home/index.html.erb within layouts/application (Duration: 1.1ms | Allocations: 898)
[Webpacker] Everything's up-to-date. Nothing to do
  Rendered home/_navbar.html.erb (Duration: 0.5ms | Allocations: 221)
  Rendered layout layouts/application.html.erb (Duration: 12.7ms | Allocations: 8263)
Completed 200 OK in 1554ms (Views: 14.6ms | Allocations: 14335)


Started GET "/" for ::1 at 2021-03-27 22:24:30 -0600
Processing by HomeController#index as HTML
  Rendering layout layouts/application.html.erb
  Rendering home/index.html.erb within layouts/application
  Rendered home/index.html.erb within layouts/application (Duration: 0.5ms | Allocations: 550)
[Webpacker] Everything's up-to-date. Nothing to do
  Rendered home/_navbar.html.erb (Duration: 0.2ms | Allocations: 91)
  Rendered layout layouts/application.html.erb (Duration: 11.4ms | Allocations: 7576)
Completed 200 OK in 1525ms (Views: 12.0ms | Allocations: 15823)


Started GET "/" for ::1 at 2021-03-27 22:24:35 -0600
Processing by HomeController#index as HTML
  Rendering layout layouts/application.html.erb
  Rendering home/index.html.erb within layouts/application
  Rendered home/index.html.erb within layouts/application (Duration: 1.0ms | Allocations: 897)
[Webpacker] Everything's up-to-date. Nothing to do
  Rendered home/_navbar.html.erb (Duration: 0.4ms | Allocations: 224)
  Rendered layout layouts/application.html.erb (Duration: 12.4ms | Allocations: 8357)
Completed 200 OK in 1734ms (Views: 14.0ms | Allocations: 14433)


Started GET "/" for ::1 at 2021-03-31 21:07:29 -0600
  [1m[35m (2.2ms)[0m  [1m[34mSELECT sqlite_version(*)[0m
Processing by HomeController#index as HTML
  Rendering layout layouts/application.html.erb
  Rendering home/index.html.erb within layouts/application
  Rendered home/index.html.erb within layouts/application (Duration: 3.0ms | Allocations: 1117)
[Webpacker] Everything's up-to-date. Nothing to do
  Rendered home/_navbar.html.erb (Duration: 0.9ms | Allocations: 252)
  Rendered layout layouts/application.html.erb (Duration: 143.9ms | Allocations: 26520)
Completed 200 OK in 1812ms (Views: 151.9ms | ActiveRecord: 0.0ms | Allocations: 35200)


Started GET "/" for ::1 at 2021-03-31 21:20:58 -0600
Processing by HomeController#index as HTML
  Rendering layout layouts/application.html.erb
  Rendering home/index.html.erb within layouts/application
  Rendered home/index.html.erb within layouts/application (Duration: 0.7ms | Allocations: 889)
[Webpacker] Everything's up-to-date. Nothing to do
  Rendered home/_navbar.html.erb (Duration: 0.8ms | Allocations: 463)
  Rendered layout layouts/application.html.erb (Duration: 14.2ms | Allocations: 8590)
Completed 200 OK in 1425ms (Views: 17.4ms | Allocations: 14698)


Started POST "/home/prices" for ::1 at 2021-03-31 21:21:04 -0600
  
ActionController::RoutingError (No route matches [POST] "/home/prices"):
  
Started GET "/" for ::1 at 2021-03-31 21:21:08 -0600
Processing by HomeController#index as HTML
  Rendering layout layouts/application.html.erb
  Rendering home/index.html.erb within layouts/application
  Rendered home/index.html.erb within layouts/application (Duration: 0.8ms | Allocations: 541)
[Webpacker] Everything's up-to-date. Nothing to do
  Rendered home/_navbar.html.erb (Duration: 0.7ms | Allocations: 262)
  Rendered layout layouts/application.html.erb (Duration: 13.9ms | Allocations: 7824)
Completed 200 OK in 2973ms (Views: 14.4ms | Allocations: 13289)


Started POST "/home/prices" for ::1 at 2021-03-31 21:35:35 -0600
Processing by HomeController#prices as HTML
  Parameters: {"authenticity_token"=>"[FILTERED]", "sym"=>"btc", "commit"=>"Lookup"}
  Rendering layout layouts/application.html.erb
  Rendering home/prices.html.erb within layouts/application
  Rendered home/prices.html.erb within layouts/application (Duration: 0.4ms | Allocations: 103)
[Webpacker] Everything's up-to-date. Nothing to do
  Rendered home/_navbar.html.erb (Duration: 0.4ms | Allocations: 231)
  Rendered layout layouts/application.html.erb (Duration: 11.3ms | Allocations: 7153)
Completed 200 OK in 14ms (Views: 12.3ms | Allocations: 7846)


Started POST "/home/prices" for ::1 at 2021-03-31 21:37:50 -0600
Processing by HomeController#prices as HTML
  Parameters: {"authenticity_token"=>"[FILTERED]", "sym"=>"btc", "commit"=>"Lookup"}
  Rendering layout layouts/application.html.erb
  Rendering home/prices.html.erb within layouts/application
  Rendered home/prices.html.erb within layouts/application (Duration: 0.3ms | Allocations: 120)
[Webpacker] Everything's up-to-date. Nothing to do
  Rendered home/_navbar.html.erb (Duration: 0.8ms | Allocations: 434)
  Rendered layout layouts/application.html.erb (Duration: 11.0ms | Allocations: 7768)
Completed 200 OK in 14ms (Views: 12.6ms | Allocations: 8922)


Started POST "/home/prices" for ::1 at 2021-03-31 21:44:56 -0600
Processing by HomeController#prices as HTML
  Parameters: {"authenticity_token"=>"[FILTERED]", "sym"=>"btc", "commit"=>"Lookup"}
  Rendering layout layouts/application.html.erb
  Rendering home/prices.html.erb within layouts/application
  Rendered home/prices.html.erb within layouts/application (Duration: 0.5ms | Allocations: 322)
[Webpacker] Everything's up-to-date. Nothing to do
  Rendered home/_navbar.html.erb (Duration: 1.6ms | Allocations: 435)
  Rendered layout layouts/application.html.erb (Duration: 13.3ms | Allocations: 7941)
Completed 200 OK in 690ms (Views: 14.6ms | Allocations: 10068)


Started POST "/home/prices" for ::1 at 2021-03-31 21:52:44 -0600
Processing by HomeController#prices as HTML
  Parameters: {"authenticity_token"=>"[FILTERED]", "sym"=>"xrp", "commit"=>"Lookup"}
  Rendering layout layouts/application.html.erb
  Rendering home/prices.html.erb within layouts/application
  Rendered home/prices.html.erb within layouts/application (Duration: 0.4ms | Allocations: 265)
[Webpacker] Everything's up-to-date. Nothing to do
  Rendered home/_navbar.html.erb (Duration: 1.1ms | Allocations: 432)
  Rendered layout layouts/application.html.erb (Duration: 13.2ms | Allocations: 7947)
Completed 200 OK in 859ms (Views: 14.3ms | Allocations: 10077)


Started POST "/home/prices" for ::1 at 2021-03-31 21:53:20 -0600
Processing by HomeController#prices as HTML
  Parameters: {"authenticity_token"=>"[FILTERED]", "sym"=>"xrp", "commit"=>"Lookup"}
  Rendering layout layouts/application.html.erb
  Rendering home/prices.html.erb within layouts/application
  Rendered home/prices.html.erb within layouts/application (Duration: 0.4ms | Allocations: 244)
[Webpacker] Everything's up-to-date. Nothing to do
  Rendered home/_navbar.html.erb (Duration: 0.8ms | Allocations: 433)
  Rendered layout layouts/application.html.erb (Duration: 11.4ms | Allocations: 7834)
Completed 200 OK in 727ms (Views: 13.3ms | Allocations: 9937)


Started POST "/home/prices" for ::1 at 2021-03-31 21:53:53 -0600
Processing by HomeController#prices as HTML
  Parameters: {"authenticity_token"=>"[FILTERED]", "sym"=>"xrp", "commit"=>"Lookup"}
  Rendering layout layouts/application.html.erb
  Rendering home/prices.html.erb within layouts/application
  Rendered home/prices.html.erb within layouts/application (Duration: 0.3ms | Allocations: 244)
[Webpacker] Everything's up-to-date. Nothing to do
  Rendered home/_navbar.html.erb (Duration: 1.2ms | Allocations: 432)
  Rendered layout layouts/application.html.erb (Duration: 11.9ms | Allocations: 7925)
Completed 200 OK in 758ms (Views: 13.3ms | Allocations: 10033)


Started POST "/home/prices" for ::1 at 2021-03-31 21:58:27 -0600
Processing by HomeController#prices as HTML
  Parameters: {"authenticity_token"=>"[FILTERED]", "sym"=>"xrp", "commit"=>"Lookup"}
  Rendering layout layouts/application.html.erb
  Rendering home/prices.html.erb within layouts/application
  Rendered home/prices.html.erb within layouts/application (Duration: 0.7ms | Allocations: 255)
[Webpacker] Everything's up-to-date. Nothing to do
  Rendered home/_navbar.html.erb (Duration: 0.7ms | Allocations: 432)
  Rendered layout layouts/application.html.erb (Duration: 12.1ms | Allocations: 7841)
Completed 200 OK in 1402ms (Views: 14.2ms | Allocations: 9939)


Started POST "/home/prices" for ::1 at 2021-03-31 21:58:41 -0600
Processing by HomeController#prices as HTML
  Parameters: {"authenticity_token"=>"[FILTERED]", "sym"=>"xrp", "commit"=>"Lookup"}
  Rendering layout layouts/application.html.erb
  Rendering home/prices.html.erb within layouts/application
  Rendered home/prices.html.erb within layouts/application (Duration: 0.4ms | Allocations: 239)
[Webpacker] Everything's up-to-date. Nothing to do
  Rendered home/_navbar.html.erb (Duration: 0.8ms | Allocations: 433)
  Rendered layout layouts/application.html.erb (Duration: 13.1ms | Allocations: 7891)
Completed 200 OK in 604ms (Views: 14.5ms | Allocations: 10012)


Started POST "/home/prices" for ::1 at 2021-03-31 21:58:46 -0600
Processing by HomeController#prices as HTML
  Parameters: {"authenticity_token"=>"[FILTERED]", "sym"=>"xrp", "commit"=>"Lookup"}
  Rendering layout layouts/application.html.erb
  Rendering home/prices.html.erb within layouts/application
  Rendered home/prices.html.erb within layouts/application (Duration: 0.1ms | Allocations: 43)
[Webpacker] Everything's up-to-date. Nothing to do
  Rendered home/_navbar.html.erb (Duration: 0.4ms | Allocations: 223)
  Rendered layout layouts/application.html.erb (Duration: 10.0ms | Allocations: 7118)
Completed 200 OK in 1864ms (Views: 10.4ms | Allocations: 8513)


Started POST "/home/prices" for ::1 at 2021-03-31 21:59:00 -0600
Processing by HomeController#prices as HTML
  Parameters: {"authenticity_token"=>"[FILTERED]", "sym"=>"xrp", "commit"=>"Lookup"}
  Rendering layout layouts/application.html.erb
  Rendering home/prices.html.erb within layouts/application
  Rendered home/prices.html.erb within layouts/application (Duration: 0.4ms | Allocations: 246)
[Webpacker] Everything's up-to-date. Nothing to do
  Rendered home/_navbar.html.erb (Duration: 1.3ms | Allocations: 432)
  Rendered layout layouts/application.html.erb (Duration: 13.9ms | Allocations: 7832)
Completed 200 OK in 1452ms (Views: 15.3ms | Allocations: 9930)


Started POST "/home/prices" for ::1 at 2021-03-31 21:59:50 -0600
Processing by HomeController#prices as HTML
  Parameters: {"authenticity_token"=>"[FILTERED]", "sym"=>"xrp", "commit"=>"Lookup"}
  Rendering layout layouts/application.html.erb
  Rendering home/prices.html.erb within layouts/application
  Rendered home/prices.html.erb within layouts/application (Duration: 0.1ms | Allocations: 43)
[Webpacker] Everything's up-to-date. Nothing to do
  Rendered home/_navbar.html.erb (Duration: 0.4ms | Allocations: 223)
  Rendered layout layouts/application.html.erb (Duration: 14.5ms | Allocations: 7160)
Completed 200 OK in 754ms (Views: 14.8ms | Allocations: 8557)


Started GET "/" for ::1 at 2021-03-31 22:08:20 -0600
Processing by HomeController#index as HTML
Started GET "/" for ::1 at 2021-03-31 22:08:21 -0600
  Rendering layout layouts/application.html.erb
  Rendering home/index.html.erb within layouts/application
  Rendered home/index.html.erb within layouts/application (Duration: 0.8ms | Allocations: 889)
[Webpacker] Everything's up-to-date. Nothing to do
  Rendered home/_navbar.html.erb (Duration: 0.8ms | Allocations: 235)
  Rendered layout layouts/application.html.erb (Duration: 12.3ms | Allocations: 8038)
Completed 200 OK in 1773ms (Views: 12.9ms | Allocations: 15214)


Processing by HomeController#index as HTML
  Rendering layout layouts/application.html.erb
  Rendering home/index.html.erb within layouts/application
  Rendered home/index.html.erb within layouts/application (Duration: 0.4ms | Allocations: 540)
[Webpacker] Everything's up-to-date. Nothing to do
  Rendered home/_navbar.html.erb (Duration: 0.5ms | Allocations: 235)
  Rendered layout layouts/application.html.erb (Duration: 13.3ms | Allocations: 7616)
Completed 200 OK in 1354ms (Views: 13.9ms | Allocations: 13091)


Started GET "/home/prices" for ::1 at 2021-03-31 22:08:27 -0600
Processing by HomeController#prices as HTML
  Rendering layout layouts/application.html.erb
  Rendering home/prices.html.erb within layouts/application
  Rendered home/prices.html.erb within layouts/application (Duration: 1.4ms | Allocations: 1472)
  Rendered layout layouts/application.html.erb (Duration: 1.7ms | Allocations: 1536)
Completed 500 Internal Server Error in 3ms (Allocations: 1901)


  
ActionView::Template::Error (undefined method `[]' for nil:NilClass):
    1: <br/>
    2: <% @quote['DISPLAY']%>
    3: 
    4: <% @quote["DISPLAY"].each do |key, value| %>
    5:   <div class="jumbotron">
  
app/views/home/prices.html.erb:2
Started GET "/" for ::1 at 2021-03-31 22:11:51 -0600
Processing by HomeController#index as HTML
  Rendering layout layouts/application.html.erb
  Rendering home/index.html.erb within layouts/application
  Rendered home/index.html.erb within layouts/application (Duration: 1.1ms | Allocations: 885)
[Webpacker] Everything's up-to-date. Nothing to do
  Rendered home/_navbar.html.erb (Duration: 1.0ms | Allocations: 438)
  Rendered layout layouts/application.html.erb (Duration: 14.4ms | Allocations: 8538)
Completed 200 OK in 1812ms (Views: 16.5ms | Allocations: 14630)


Started GET "/home/prices" for ::1 at 2021-03-31 22:11:55 -0600
Processing by HomeController#prices as HTML
  Rendering layout layouts/application.html.erb
  Rendering home/prices.html.erb within layouts/application
  Rendered home/prices.html.erb within layouts/application (Duration: 0.7ms | Allocations: 275)
[Webpacker] Everything's up-to-date. Nothing to do
  Rendered home/_navbar.html.erb (Duration: 0.6ms | Allocations: 233)
  Rendered layout layouts/application.html.erb (Duration: 14.3ms | Allocations: 7349)
Completed 200 OK in 16ms (Views: 14.7ms | Allocations: 7867)


Started GET "/" for ::1 at 2021-03-31 22:11:57 -0600
Processing by HomeController#index as HTML
  Rendering layout layouts/application.html.erb
  Rendering home/index.html.erb within layouts/application
  Rendered home/index.html.erb within layouts/application (Duration: 0.4ms | Allocations: 540)
[Webpacker] Everything's up-to-date. Nothing to do
  Rendered home/_navbar.html.erb (Duration: 0.6ms | Allocations: 227)
  Rendered layout layouts/application.html.erb (Duration: 11.1ms | Allocations: 7606)
Completed 200 OK in 1995ms (Views: 11.6ms | Allocations: 12968)


Started GET "/home/prices" for ::1 at 2021-03-31 22:12:01 -0600
Processing by HomeController#prices as HTML
  Rendering layout layouts/application.html.erb
  Rendering home/prices.html.erb within layouts/application
  Rendered home/prices.html.erb within layouts/application (Duration: 0.1ms | Allocations: 38)
[Webpacker] Everything's up-to-date. Nothing to do
  Rendered home/_navbar.html.erb (Duration: 0.4ms | Allocations: 227)
  Rendered layout layouts/application.html.erb (Duration: 14.3ms | Allocations: 7104)
Completed 200 OK in 15ms (Views: 14.7ms | Allocations: 7495)


Started GET "/" for ::1 at 2021-03-31 22:12:04 -0600
Processing by HomeController#index as HTML
  Rendering layout layouts/application.html.erb
  Rendering home/index.html.erb within layouts/application
  Rendered home/index.html.erb within layouts/application (Duration: 0.5ms | Allocations: 540)
[Webpacker] Everything's up-to-date. Nothing to do
  Rendered home/_navbar.html.erb (Duration: 0.3ms | Allocations: 227)
  Rendered layout layouts/application.html.erb (Duration: 16.1ms | Allocations: 7655)
Completed 200 OK in 1415ms (Views: 16.6ms | Allocations: 13019)


Started POST "/home/prices" for ::1 at 2021-03-31 22:12:09 -0600
Processing by HomeController#prices as HTML
  Parameters: {"authenticity_token"=>"[FILTERED]", "sym"=>"xlm", "commit"=>"Lookup"}
  Rendering layout layouts/application.html.erb
  Rendering home/prices.html.erb within layouts/application
  Rendered home/prices.html.erb within layouts/application (Duration: 0.1ms | Allocations: 43)
[Webpacker] Everything's up-to-date. Nothing to do
  Rendered home/_navbar.html.erb (Duration: 0.7ms | Allocations: 223)
  Rendered layout layouts/application.html.erb (Duration: 11.0ms | Allocations: 7118)
Completed 200 OK in 682ms (Views: 11.6ms | Allocations: 8534)


Started POST "/home/prices" for ::1 at 2021-03-31 22:12:15 -0600
Processing by HomeController#prices as HTML
  Parameters: {"authenticity_token"=>"[FILTERED]", "sym"=>"xlm", "commit"=>"Lookup"}
  Rendering layout layouts/application.html.erb
  Rendering home/prices.html.erb within layouts/application
  Rendered home/prices.html.erb within layouts/application (Duration: 0.1ms | Allocations: 43)
[Webpacker] Everything's up-to-date. Nothing to do
  Rendered home/_navbar.html.erb (Duration: 0.3ms | Allocations: 223)
  Rendered layout layouts/application.html.erb (Duration: 9.7ms | Allocations: 7118)
Completed 200 OK in 848ms (Views: 10.1ms | Allocations: 8534)


Started GET "/" for ::1 at 2021-03-31 22:12:17 -0600
Processing by HomeController#index as HTML
  Rendering layout layouts/application.html.erb
  Rendering home/index.html.erb within layouts/application
  Rendered home/index.html.erb within layouts/application (Duration: 0.4ms | Allocations: 540)
[Webpacker] Everything's up-to-date. Nothing to do
  Rendered home/_navbar.html.erb (Duration: 0.4ms | Allocations: 227)
  Rendered layout layouts/application.html.erb (Duration: 12.4ms | Allocations: 7606)
Completed 200 OK in 1957ms (Views: 12.7ms | Allocations: 12967)


Started POST "/home/prices" for ::1 at 2021-03-31 22:25:55 -0600
Processing by HomeController#prices as HTML
  Parameters: {"authenticity_token"=>"[FILTERED]", "sym"=>"af as df", "commit"=>"Lookup"}
  Rendering layout layouts/application.html.erb
  Rendering home/prices.html.erb within layouts/application
  Rendered home/prices.html.erb within layouts/application (Duration: 0.5ms | Allocations: 324)
[Webpacker] Everything's up-to-date. Nothing to do
  Rendered home/_navbar.html.erb (Duration: 1.0ms | Allocations: 432)
  Rendered layout layouts/application.html.erb (Duration: 15.1ms | Allocations: 7960)
Completed 200 OK in 681ms (Views: 19.1ms | Allocations: 9961)


Started GET "/home/prices" for ::1 at 2021-03-31 22:25:59 -0600
Processing by HomeController#prices as HTML
  Rendering layout layouts/application.html.erb
  Rendering home/prices.html.erb within layouts/application
  Rendered home/prices.html.erb within layouts/application (Duration: 0.0ms | Allocations: 38)
[Webpacker] Everything's up-to-date. Nothing to do
  Rendered home/_navbar.html.erb (Duration: 0.4ms | Allocations: 227)
  Rendered layout layouts/application.html.erb (Duration: 11.0ms | Allocations: 7104)
Completed 200 OK in 12ms (Views: 11.3ms | Allocations: 7496)


Started GET "/" for ::1 at 2021-03-31 22:26:01 -0600
Processing by HomeController#index as HTML
  Rendering layout layouts/application.html.erb
  Rendering home/index.html.erb within layouts/application
  Rendered home/index.html.erb within layouts/application (Duration: 1.3ms | Allocations: 885)
[Webpacker] Everything's up-to-date. Nothing to do
  Rendered home/_navbar.html.erb (Duration: 0.4ms | Allocations: 233)
  Rendered layout layouts/application.html.erb (Duration: 12.9ms | Allocations: 7959)
Completed 200 OK in 1896ms (Views: 13.3ms | Allocations: 13448)


Started POST "/home/prices" for ::1 at 2021-03-31 22:26:04 -0600
Processing by HomeController#prices as HTML
  Parameters: {"authenticity_token"=>"[FILTERED]", "sym"=>"btc", "commit"=>"Lookup"}
  Rendering layout layouts/application.html.erb
  Rendering home/prices.html.erb within layouts/application
  Rendered home/prices.html.erb within layouts/application (Duration: 0.1ms | Allocations: 43)
[Webpacker] Everything's up-to-date. Nothing to do
  Rendered home/_navbar.html.erb (Duration: 0.6ms | Allocations: 223)
  Rendered layout layouts/application.html.erb (Duration: 11.1ms | Allocations: 7118)
Completed 200 OK in 586ms (Views: 11.4ms | Allocations: 8533)


Started POST "/home/prices" for ::1 at 2021-03-31 22:27:04 -0600
Processing by HomeController#prices as HTML
  Parameters: {"authenticity_token"=>"[FILTERED]", "sym"=>"boasdga", "commit"=>"Lookup"}
  Rendering layout layouts/application.html.erb
  Rendering home/prices.html.erb within layouts/application
  Rendered home/prices.html.erb within layouts/application (Duration: 0.5ms | Allocations: 331)
[Webpacker] Everything's up-to-date. Nothing to do
  Rendered home/_navbar.html.erb (Duration: 0.8ms | Allocations: 432)
  Rendered layout layouts/application.html.erb (Duration: 12.3ms | Allocations: 8012)
Completed 200 OK in 740ms (Views: 13.7ms | Allocations: 9999)


Started POST "/home/prices" for ::1 at 2021-03-31 22:27:25 -0600
Processing by HomeController#prices as HTML
  Parameters: {"authenticity_token"=>"[FILTERED]", "sym"=>"asdf asf", "commit"=>"Lookup"}
  Rendering layout layouts/application.html.erb
  Rendering home/prices.html.erb within layouts/application
  Rendered home/prices.html.erb within layouts/application (Duration: 0.4ms | Allocations: 327)
[Webpacker] Everything's up-to-date. Nothing to do
  Rendered home/_navbar.html.erb (Duration: 0.9ms | Allocations: 432)
  Rendered layout layouts/application.html.erb (Duration: 13.1ms | Allocations: 7913)
Completed 200 OK in 644ms (Views: 14.3ms | Allocations: 9882)


Started GET "/" for ::1 at 2021-04-01 15:50:59 -0600
  [1m[35m (0.8ms)[0m  [1m[34mSELECT sqlite_version(*)[0m
Processing by HomeController#index as HTML
Completed 500 Internal Server Error in 1105ms (ActiveRecord: 0.0ms | Allocations: 1496)


  
SocketError (Failed to open TCP connection to min-api.cryptocompare.com:443 (getaddrinfo: nodename nor servname provided, or not known)):
  
app/controllers/home_controller.rb:9:in `index'
Started GET "/" for ::1 at 2021-04-01 15:52:58 -0600
Processing by HomeController#index as HTML
Completed 500 Internal Server Error in 1610ms (ActiveRecord: 0.0ms | Allocations: 699)


  
SocketError (Failed to open TCP connection to min-api.cryptocompare.com:443 (getaddrinfo: nodename nor servname provided, or not known)):
  
app/controllers/home_controller.rb:9:in `index'
Started GET "/" for 127.0.0.1 at 2021-04-01 16:00:02 -0600
  [1m[35m (0.4ms)[0m  [1m[34mSELECT sqlite_version(*)[0m
Processing by HomeController#index as HTML
Completed 500 Internal Server Error in 108ms (ActiveRecord: 0.0ms | Allocations: 1547)


  
SocketError (Failed to open TCP connection to min-api.cryptocompare.com:443 (getaddrinfo: nodename nor servname provided, or not known)):
  
app/controllers/home_controller.rb:9:in `index'
